2024-12-11 14:42:56,517 [INFO] UNSC OS Starting...
2024-12-11 14:43:03,293 [INFO] UNSC OS Starting...
2024-12-11 14:44:17,968 [INFO] Service webserver started
2024-12-11 14:44:42,884 [INFO] UNSC OS Starting...
2024-12-11 14:45:35,566 [INFO] Service webserver started
2024-12-11 14:47:34,006 [INFO] UNSC OS Starting...
2024-12-11 14:48:41,534 [INFO] UNSC OS Starting...
2024-12-11 14:49:00,862 [ERROR] Backup failed: [('D:\\UNSC OS\\backup_20241211_144900\\system\\backup_20241211_144900\\system\\backup_20241211_144900\\system\\backup_20241211_144900\\system\\backup_20241211_144900\\system\\backup_20241211_144900\\system\\backup_20241211_144900\\system', '.\\backup_20241211_144900\\system\\backup_20241211_144900\\system\\backup_20241211_144900\\system\\backup_20241211_144900\\system\\backup_20241211_144900\\system\\backup_20241211_144900\\system\\backup_20241211_144900\\system\\backup_20241211_144900\\system', "[WinError 206] The filename or extension is too long: '.\\\\backup_20241211_144900\\\\system\\\\backup_20241211_144900\\\\system\\\\backup_20241211_144900\\\\system\\\\backup_20241211_144900\\\\system\\\\backup_20241211_144900\\\\system\\\\backup_20241211_144900\\\\system\\\\backup_20241211_144900\\\\system\\\\backup_20241211_144900\\\\system'")]
2024-12-11 14:51:03,467 [INFO] UNSC OS Starting...
2024-12-11 14:51:08,178 [INFO] Checking for updates...
2024-12-11 14:51:11,743 [INFO] Checking for updates...
2024-12-11 14:51:13,120 [INFO] Checking for updates...
2024-12-11 14:51:13,120 [INFO] Downloading update to updates\update-1.1.0.zip
2024-12-11 14:51:31,039 [INFO] Checking for updates...
2024-12-11 14:51:31,039 [INFO] Downloading update to updates\update-1.1.0.zip
2024-12-11 14:51:33,697 [INFO] Downloading update to updates\update-1.1.0.zip
2024-12-11 14:52:24,137 [INFO] UNSC OS Starting...
2024-12-11 14:52:26,789 [INFO] Checking for updates...
2024-12-11 14:52:28,454 [INFO] Checking for updates...
2024-12-11 14:52:29,594 [INFO] Checking for updates...
2024-12-11 14:52:29,594 [INFO] Downloading update to updates\update-1.1.0.zip
2024-12-11 14:52:36,034 [INFO] Checking for updates...
2024-12-11 14:52:36,034 [INFO] Downloading update to updates\update-1.1.0.zip
2024-12-11 14:52:40,485 [INFO] Downloading update to updates\update-1.1.0.zip
2024-12-11 14:53:36,367 [INFO] UNSC OS Starting...
2024-12-11 14:53:37,841 [INFO] Checking for updates...
